JAVA_HOME=D:\TT\Head\Extern\ant\bin\..\..\Java\jdk
TOMTEC_JAVA_HOME=D:\TT\Head\Extern\ant\bin\..\..\Java\jdk
TOMTEC_MEMORY_OPTS=-Xmx1024m
Buildfile: E:\NodeJs_Projects\Ant\build.xml

test:
   [delete] Deleting directory E:\NodeJs_Projects\Ant\build
     [echo] Tests in parallel
     [echo] ##teamcity[testSuiteStarted name='parallel_suite7' flowId='parallel_suite7']
     [echo] ##teamcity[testStarted name='parallel_suite7' flowId='parallel_suite7']
     [echo] ##teamcity[testFailed name='parallel_suite7.unittest.run' message='parallel_suite7.unittest.run: failure message' details='parallel_suite7.unittest.run: message and stack trace' flowId='parallel_suite7']
     [echo] ##teamcity[testSuiteStarted name='parallel_suite2' flowId='parallel_suite2']
     [echo] ##teamcity[testSuiteStarted name='parallel_suite5' flowId='parallel_suite5']
     [echo] ##teamcity[testSuiteStarted name='parallel_suite3' flowId='parallel_suite3']
     [echo] ##teamcity[testStarted name='parallel_suite5' flowId='parallel_suite5']
     [echo] ##teamcity[testStarted name='parallel_suite2' flowId='parallel_suite2']
     [echo] ##teamcity[testSuiteStarted name='parallel_suite9' flowId='parallel_suite9']
     [echo] ##teamcity[testSuiteStarted name='parallel_suite8' flowId='parallel_suite8']
     [echo] ##teamcity[testSuiteStarted name='parallel_suite4' flowId='parallel_suite4']
     [echo] ##teamcity[testSuiteStarted name='parallel_suite6' flowId='parallel_suite6']
     [echo] ##teamcity[testFinished name='parallel_suite7.unittest.run' flowId='parallel_suite7']
     [echo] ##teamcity[testSuiteStarted name='parallel_suite1' flowId='parallel_suite1']
     [echo] ##teamcity[testStarted name='parallel_suite1' flowId='parallel_suite1']
     [echo] ##teamcity[testSuiteStarted name='parallel_suite10' flowId='parallel_suite10']
     [echo] ##teamcity[testFailed name='parallel_suite1.unittest.run' message='parallel_suite1.unittest.run: failure message' details='parallel_suite1.unittest.run: message and stack trace' flowId='parallel_suite1']
     [echo] ##teamcity[testSuiteFinished name='parallel_suite7' flowId='parallel_suite7']
     [echo] ##teamcity[testStarted name='parallel_suite6' flowId='parallel_suite6']
     [echo] ##teamcity[testStarted name='parallel_suite4' flowId='parallel_suite4']
     [echo] ##teamcity[testStarted name='parallel_suite8' flowId='parallel_suite8']
     [echo] ##teamcity[testStarted name='parallel_suite9' flowId='parallel_suite9']
     [echo] ##teamcity[testFailed name='parallel_suite2.unittest.run' message='parallel_suite2.unittest.run: failure message' details='parallel_suite2.unittest.run: message and stack trace' flowId='parallel_suite2']
     [echo] ##teamcity[testFailed name='parallel_suite5.unittest.run' message='parallel_suite5.unittest.run: failure message' details='parallel_suite5.unittest.run: message and stack trace' flowId='parallel_suite5']
     [echo] ##teamcity[testStarted name='parallel_suite3' flowId='parallel_suite3']
     [echo] ##teamcity[testFinished name='parallel_suite5.unittest.run' flowId='parallel_suite5']
     [echo] ##teamcity[testFinished name='parallel_suite2.unittest.run' flowId='parallel_suite2']
     [echo] ##teamcity[testFailed name='parallel_suite9.unittest.run' message='parallel_suite9.unittest.run: failure message' details='parallel_suite9.unittest.run: message and stack trace' flowId='parallel_suite9']
     [echo] ##teamcity[testFinished name='parallel_suite9.unittest.run' flowId='parallel_suite9']
     [echo] ##teamcity[testSuiteFinished name='parallel_suite9' flowId='parallel_suite9']
     [echo] ##teamcity[testFailed name='parallel_suite8.unittest.run' message='parallel_suite8.unittest.run: failure message' details='parallel_suite8.unittest.run: message and stack trace' flowId='parallel_suite8']
     [echo] ##teamcity[testFailed name='parallel_suite4.unittest.run' message='parallel_suite4.unittest.run: failure message' details='parallel_suite4.unittest.run: message and stack trace' flowId='parallel_suite4']
     [echo] ##teamcity[testFailed name='parallel_suite6.unittest.run' message='parallel_suite6.unittest.run: failure message' details='parallel_suite6.unittest.run: message and stack trace' flowId='parallel_suite6']
     [echo] ##teamcity[testFinished name='parallel_suite1.unittest.run' flowId='parallel_suite1']
     [echo] ##teamcity[testStarted name='parallel_suite10' flowId='parallel_suite10']
     [echo] ##teamcity[testFailed name='parallel_suite10.unittest.run' message='parallel_suite10.unittest.run: failure message' details='parallel_suite10.unittest.run: message and stack trace' flowId='parallel_suite10']
     [echo] ##teamcity[testSuiteFinished name='parallel_suite1' flowId='parallel_suite1']
     [echo] ##teamcity[testFinished name='parallel_suite6.unittest.run' flowId='parallel_suite6']
     [echo] ##teamcity[testFinished name='parallel_suite4.unittest.run' flowId='parallel_suite4']
     [echo] ##teamcity[testFinished name='parallel_suite8.unittest.run' flowId='parallel_suite8']
     [echo] ##teamcity[testSuiteFinished name='parallel_suite2' flowId='parallel_suite2']
     [echo] ##teamcity[testSuiteFinished name='parallel_suite5' flowId='parallel_suite5']
     [echo] ##teamcity[testFailed name='parallel_suite3.unittest.run' message='parallel_suite3.unittest.run: failure message' details='parallel_suite3.unittest.run: message and stack trace' flowId='parallel_suite3']
     [echo] ##teamcity[testFinished name='parallel_suite3.unittest.run' flowId='parallel_suite3']
     [echo] ##teamcity[testSuiteFinished name='parallel_suite8' flowId='parallel_suite8']
     [echo] ##teamcity[testSuiteFinished name='parallel_suite4' flowId='parallel_suite4']
     [echo] ##teamcity[testSuiteFinished name='parallel_suite6' flowId='parallel_suite6']
     [echo] ##teamcity[testFinished name='parallel_suite10.unittest.run' flowId='parallel_suite10']
     [echo] ##teamcity[testSuiteFinished name='parallel_suite3' flowId='parallel_suite3']
     [echo] ##teamcity[testSuiteFinished name='parallel_suite10' flowId='parallel_suite10']
     [echo] ##teamcity[testSuiteStarted name='suite5' flowId='suite5']
     [echo] ##teamcity[testStarted name='suite5' flowId='suite5']
     [echo] ##teamcity[testFailed name='suite5.unittest.run' message='suite5.unittest.run: failure message' details='suite5.unittest.run: message and stack trace' flowId='suite5']
     [echo] ##teamcity[testFinished name='suite5.unittest.run' flowId='suite5']
     [echo] ##teamcity[testSuiteFinished name='suite5' flowId='suite5']
     [echo] ##teamcity[testSuiteStarted name='suite9' flowId='suite9']
     [echo] ##teamcity[testStarted name='suite9' flowId='suite9']
     [echo] ##teamcity[testFailed name='suite9.unittest.run' message='suite9.unittest.run: failure message' details='suite9.unittest.run: message and stack trace' flowId='suite9']
     [echo] ##teamcity[testFinished name='suite9.unittest.run' flowId='suite9']
     [echo] ##teamcity[testSuiteFinished name='suite9' flowId='suite9']
     [echo] ##teamcity[testSuiteStarted name='suite10' flowId='suite10']
     [echo] ##teamcity[testStarted name='suite10' flowId='suite10']
     [echo] ##teamcity[testFailed name='suite10.unittest.run' message='suite10.unittest.run: failure message' details='suite10.unittest.run: message and stack trace' flowId='suite10']
     [echo] ##teamcity[testFinished name='suite10.unittest.run' flowId='suite10']
     [echo] ##teamcity[testSuiteFinished name='suite10' flowId='suite10']
     [echo] ##teamcity[testSuiteStarted name='suite8' flowId='suite8']
     [echo] ##teamcity[testStarted name='suite8' flowId='suite8']
     [echo] ##teamcity[testFailed name='suite8.unittest.run' message='suite8.unittest.run: failure message' details='suite8.unittest.run: message and stack trace' flowId='suite8']
     [echo] ##teamcity[testFinished name='suite8.unittest.run' flowId='suite8']
     [echo] ##teamcity[testSuiteFinished name='suite8' flowId='suite8']
     [echo] ##teamcity[testSuiteStarted name='suite3' flowId='suite3']
     [echo] ##teamcity[testStarted name='suite3' flowId='suite3']
     [echo] ##teamcity[testFailed name='suite3.unittest.run' message='suite3.unittest.run: failure message' details='suite3.unittest.run: message and stack trace' flowId='suite3']
     [echo] ##teamcity[testFinished name='suite3.unittest.run' flowId='suite3']
     [echo] ##teamcity[testSuiteFinished name='suite3' flowId='suite3']
     [echo] ##teamcity[testSuiteStarted name='suite7' flowId='suite7']
     [echo] ##teamcity[testStarted name='suite7' flowId='suite7']
     [echo] ##teamcity[testFailed name='suite7.unittest.run' message='suite7.unittest.run: failure message' details='suite7.unittest.run: message and stack trace' flowId='suite7']
     [echo] ##teamcity[testFinished name='suite7.unittest.run' flowId='suite7']
     [echo] ##teamcity[testSuiteFinished name='suite7' flowId='suite7']
     [echo] ##teamcity[testSuiteStarted name='suite1' flowId='suite1']
     [echo] ##teamcity[testStarted name='suite1' flowId='suite1']
     [echo] ##teamcity[testFailed name='suite1.unittest.run' message='suite1.unittest.run: failure message' details='suite1.unittest.run: message and stack trace' flowId='suite1']
     [echo] ##teamcity[testFinished name='suite1.unittest.run' flowId='suite1']
     [echo] ##teamcity[testSuiteFinished name='suite1' flowId='suite1']
     [echo] ##teamcity[testSuiteStarted name='suite2' flowId='suite2']
     [echo] ##teamcity[testStarted name='suite2' flowId='suite2']
     [echo] ##teamcity[testFailed name='suite2.unittest.run' message='suite2.unittest.run: failure message' details='suite2.unittest.run: message and stack trace' flowId='suite2']
     [echo] ##teamcity[testFinished name='suite2.unittest.run' flowId='suite2']
     [echo] ##teamcity[testSuiteFinished name='suite2' flowId='suite2']
     [echo] ##teamcity[testSuiteStarted name='suite4' flowId='suite4']
     [echo] ##teamcity[testStarted name='suite4' flowId='suite4']
     [echo] ##teamcity[testFailed name='suite4.unittest.run' message='suite4.unittest.run: failure message' details='suite4.unittest.run: message and stack trace' flowId='suite4']
     [echo] ##teamcity[testFinished name='suite4.unittest.run' flowId='suite4']
     [echo] ##teamcity[testSuiteFinished name='suite4' flowId='suite4']
     [echo] ##teamcity[testSuiteStarted name='suite6' flowId='suite6']
     [echo] ##teamcity[testStarted name='suite6' flowId='suite6']
     [echo] ##teamcity[testFailed name='suite6.unittest.run' message='suite6.unittest.run: failure message' details='suite6.unittest.run: message and stack trace' flowId='suite6']
     [echo] ##teamcity[testFinished name='suite6.unittest.run' flowId='suite6']
     [echo] ##teamcity[testSuiteFinished name='suite6' flowId='suite6']
     [echo] import junit xml in parallel
     [copy] Copying 10 files to E:\NodeJs_Projects\Ant\build
     [echo] ##teamcity[importdata type='junit' path='E:\NodeJs_Projects\Ant\build\junit.suite10.xml' flowid='E:\NodeJs_Projects\Ant\build\junit.suite10.xml']
     [echo] ##teamcity[importdata type='junit' path='E:\NodeJs_Projects\Ant\build\junit.suite5.xml' flowid='E:\NodeJs_Projects\Ant\build\junit.suite5.xml']
     [echo] ##teamcity[importdata type='junit' path='E:\NodeJs_Projects\Ant\build\junit.suite4.xml' flowid='E:\NodeJs_Projects\Ant\build\junit.suite4.xml']
     [echo] ##teamcity[importdata type='junit' path='E:\NodeJs_Projects\Ant\build\junit.suite1.xml' flowid='E:\NodeJs_Projects\Ant\build\junit.suite1.xml']
     [echo] ##teamcity[importdata type='junit' path='E:\NodeJs_Projects\Ant\build\junit.suite2.xml' flowid='E:\NodeJs_Projects\Ant\build\junit.suite2.xml']
     [echo] ##teamcity[importdata type='junit' path='E:\NodeJs_Projects\Ant\build\junit.suite3.xml' flowid='E:\NodeJs_Projects\Ant\build\junit.suite3.xml']
     [echo] ##teamcity[importdata type='junit' path='E:\NodeJs_Projects\Ant\build\junit.suite7.xml' flowid='E:\NodeJs_Projects\Ant\build\junit.suite7.xml']
     [echo] ##teamcity[importdata type='junit' path='E:\NodeJs_Projects\Ant\build\junit.suite6.xml' flowid='E:\NodeJs_Projects\Ant\build\junit.suite6.xml']
     [echo] ##teamcity[importdata type='junit' path='E:\NodeJs_Projects\Ant\build\junit.suite8.xml' flowid='E:\NodeJs_Projects\Ant\build\junit.suite8.xml']
     [echo] ##teamcity[importdata type='junit' path='E:\NodeJs_Projects\Ant\build\junit.suite9.xml' flowid='E:\NodeJs_Projects\Ant\build\junit.suite9.xml']

BUILD SUCCESSFUL
Total time: 0 seconds
